<?xml version="1.0" encoding="UTF-8"?>
<testng-results ignored="0" total="1" passed="1" failed="0" skipped="0">
  <reporter-output>
  </reporter-output>
  <suite started-at="2025-07-20T21:35:50 IST" name="Default suite" finished-at="2025-07-20T21:35:52 IST" duration-ms="2286">
    <groups>
    </groups>
    <test started-at="2025-07-20T21:35:50 IST" name="Default test" finished-at="2025-07-20T21:35:52 IST" duration-ms="2286">
      <class name="org.testingapi.Day01">
        <test-method signature="deleteAPI()[pri:0, instance:org.testingapi.Day01@26794848]" started-at="2025-07-20T21:35:50 IST" name="deleteAPI" finished-at="2025-07-20T21:35:52 IST" duration-ms="2246" status="PASS">
          <reporter-output>
          </reporter-output>
        </test-method> <!-- deleteAPI -->
      </class> <!-- org.testingapi.Day01 -->
    </test> <!-- Default test -->
  </suite> <!-- Default suite -->
</testng-results>
