<?xml version="1.0" encoding="UTF-8"?>
<!-- Generated by org.testng.reporters.JUnitXMLReporter -->
<testsuite ignored="6" hostname="XWHHWFH74" failures="0" tests="1" name="Default test" time="2.286" errors="0" timestamp="2025-07-20T21:35:52 IST">
  <testcase classname="org.testingapi.Day01" name="deleteAPI" time="2.246"/>
  <testcase classname="org.testingapi.Day01" name="postdatas" time="0.0">
    <ignored/>
  </testcase> <!-- postdatas -->
  <testcase classname="org.testingapi.Day01" name="serialization" time="0.0">
    <ignored/>
  </testcase> <!-- serialization -->
  <testcase classname="org.testingapi.Day01" name="getAllEmployess" time="0.0">
    <ignored/>
  </testcase> <!-- getAllEmployess -->
  <testcase classname="org.testingapi.Day01" name="delete" time="0.0">
    <ignored/>
  </testcase> <!-- delete -->
  <testcase classname="org.testingapi.Day01" name="getdatas" time="0.0">
    <ignored/>
  </testcase> <!-- getdatas -->
  <testcase classname="org.testingapi.Day01" name="putUpdatedatas" time="0.0">
    <ignored/>
  </testcase> <!-- putUpdatedatas -->
</testsuite> <!-- Default test -->
